<?xml version="1.0" encoding="UTF-8"?>
<testsuite xmlns:xsi="http://www.w3.org/2001/XMLSchema-instance" xsi:noNamespaceSchemaLocation="https://maven.apache.org/surefire/maven-surefire-plugin/xsd/surefire-test-report-3.0.xsd" version="3.0" name="org.sonar.samples.java.checks.NoServletsRuleTest" time="3.533" tests="1" errors="0" skipped="0" failures="0">
  <properties>
    <property name="awt.toolkit" value="sun.awt.X11.XToolkit"/>
    <property name="java.specification.version" value="11"/>
    <property name="sun.cpu.isalist" value=""/>
    <property name="sun.jnu.encoding" value="UTF-8"/>
    <property name="java.class.path" value="/home/sonarqube/Desktop/workspace_2/java-custom-rules-example/target/test-classes:/home/sonarqube/Desktop/workspace_2/java-custom-rules-example/target/classes:/home/sonarqube/.m2/repository/org/sonarsource/sonarqube/sonar-plugin-api/8.9.0.43852/sonar-plugin-api-8.9.0.43852.jar:/home/sonarqube/.m2/repository/org/sonarsource/java/sonar-java-plugin/6.15.1.26025/sonar-java-plugin-6.15.1.26025.jar:/home/sonarqube/.m2/repository/org/sonarsource/java/java-surefire/6.15.1.26025/java-surefire-6.15.1.26025.jar:/home/sonarqube/.m2/repository/com/fasterxml/staxmate/staxmate/2.4.0/staxmate-2.4.0.jar:/home/sonarqube/.m2/repository/org/codehaus/woodstox/stax2-api/4.2.1/stax2-api-4.2.1.jar:/home/sonarqube/.m2/repository/org/sonarsource/java/java-frontend/6.15.1.26025/java-frontend-6.15.1.26025.jar:/home/sonarqube/.m2/repository/org/sonarsource/java/jdt/6.15.1.26025/jdt-6.15.1.26025-shaded.jar:/home/sonarqube/.m2/repository/org/eclipse/jdt/org.eclipse.jdt.core/3.25.0/org.eclipse.jdt.core-3.25.0.jar:/home/sonarqube/.m2/repository/org/eclipse/platform/org.eclipse.core.resources/3.16.100/org.eclipse.core.resources-3.16.100.jar:/home/sonarqube/.m2/repository/org/eclipse/platform/org.eclipse.core.runtime/3.24.100/org.eclipse.core.runtime-3.24.100.jar:/home/sonarqube/.m2/repository/org/eclipse/platform/org.eclipse.osgi/3.17.200/org.eclipse.osgi-3.17.200.jar:/home/sonarqube/.m2/repository/org/eclipse/platform/org.eclipse.equinox.common/3.16.0/org.eclipse.equinox.common-3.16.0.jar:/home/sonarqube/.m2/repository/org/eclipse/platform/org.eclipse.core.jobs/3.12.100/org.eclipse.core.jobs-3.12.100.jar:/home/sonarqube/.m2/repository/org/eclipse/platform/org.eclipse.equinox.preferences/3.9.100/org.eclipse.equinox.preferences-3.9.100.jar:/home/sonarqube/.m2/repository/org/eclipse/platform/org.eclipse.core.contenttype/3.8.100/org.eclipse.core.contenttype-3.8.100.jar:/home/sonarqube/.m2/repository/org/eclipse/platform/org.eclipse.text/3.12.0/org.eclipse.text-3.12.0.jar:/home/sonarqube/.m2/repository/org/eclipse/platform/org.eclipse.core.commands/3.10.100/org.eclipse.core.commands-3.10.100.jar:/home/sonarqube/.m2/repository/org/sonarsource/sslr/sslr-core/1.24.0.633/sslr-core-1.24.0.633.jar:/home/sonarqube/.m2/repository/org/apache/commons/commons-lang3/3.12.0/commons-lang3-3.12.0.jar:/home/sonarqube/.m2/repository/org/sonarsource/analyzer-commons/sonar-regex-parsing/1.14.1.690/sonar-regex-parsing-1.14.1.690.jar:/home/sonarqube/.m2/repository/org/sonarsource/java/java-symbolic-execution/6.15.1.26025/java-symbolic-execution-6.15.1.26025.jar:/home/sonarqube/.m2/repository/org/sonarsource/java/java-checks/6.15.1.26025/java-checks-6.15.1.26025.jar:/home/sonarqube/.m2/repository/org/sonarsource/analyzer-commons/sonar-analyzer-recognizers/1.14.1.690/sonar-analyzer-recognizers-1.14.1.690.jar:/home/sonarqube/.m2/repository/commons-lang/commons-lang/2.6/commons-lang-2.6.jar:/home/sonarqube/.m2/repository/org/sonarsource/java/external-reports/6.15.1.26025/external-reports-6.15.1.26025.jar:/home/sonarqube/.m2/repository/org/sonarsource/java/java-jsp/6.15.1.26025/java-jsp-6.15.1.26025.jar:/home/sonarqube/.m2/repository/org/apache/tomcat/embed/tomcat-embed-jasper/9.0.33/tomcat-embed-jasper-9.0.33.jar:/home/sonarqube/.m2/repository/org/apache/tomcat/embed/tomcat-embed-core/9.0.33/tomcat-embed-core-9.0.33.jar:/home/sonarqube/.m2/repository/org/apache/tomcat/tomcat-annotations-api/9.0.33/tomcat-annotations-api-9.0.33.jar:/home/sonarqube/.m2/repository/org/apache/tomcat/embed/tomcat-embed-el/9.0.33/tomcat-embed-el-9.0.33.jar:/home/sonarqube/.m2/repository/org/sonarsource/analyzer-commons/sonar-xml-parsing/1.14.1.690/sonar-xml-parsing-1.14.1.690.jar:/home/sonarqube/.m2/repository/xerces/xercesImpl/2.12.0/xercesImpl-2.12.0.jar:/home/sonarqube/.m2/repository/xml-apis/xml-apis/1.4.01/xml-apis-1.4.01.jar:/home/sonarqube/.m2/repository/com/fasterxml/woodstox/woodstox-core/5.2.0/woodstox-core-5.2.0.jar:/home/sonarqube/.m2/repository/org/sonarsource/analyzer-commons/sonar-analyzer-commons/1.14.1.690/sonar-analyzer-commons-1.14.1.690.jar:/home/sonarqube/.m2/repository/org/sonarsource/java/java-checks-testkit/6.15.1.26025/java-checks-testkit-6.15.1.26025.jar:/home/sonarqube/.m2/repository/com/google/code/gson/gson/2.8.6/gson-2.8.6.jar:/home/sonarqube/.m2/repository/com/google/code/findbugs/jsr305/3.0.2/jsr305-3.0.2.jar:/home/sonarqube/.m2/repository/org/junit/jupiter/junit-jupiter/5.7.0/junit-jupiter-5.7.0.jar:/home/sonarqube/.m2/repository/org/junit/jupiter/junit-jupiter-api/5.7.0/junit-jupiter-api-5.7.0.jar:/home/sonarqube/.m2/repository/org/opentest4j/opentest4j/1.2.0/opentest4j-1.2.0.jar:/home/sonarqube/.m2/repository/org/junit/platform/junit-platform-commons/1.7.0/junit-platform-commons-1.7.0.jar:/home/sonarqube/.m2/repository/org/junit/jupiter/junit-jupiter-params/5.7.0/junit-jupiter-params-5.7.0.jar:/home/sonarqube/.m2/repository/org/junit/jupiter/junit-jupiter-engine/5.7.0/junit-jupiter-engine-5.7.0.jar:/home/sonarqube/.m2/repository/org/junit/platform/junit-platform-engine/1.7.0/junit-platform-engine-1.7.0.jar:/home/sonarqube/.m2/repository/org/junit/jupiter/junit-jupiter-migrationsupport/5.7.0/junit-jupiter-migrationsupport-5.7.0.jar:/home/sonarqube/.m2/repository/junit/junit/4.13/junit-4.13.jar:/home/sonarqube/.m2/repository/org/hamcrest/hamcrest-core/1.3/hamcrest-core-1.3.jar:/home/sonarqube/.m2/repository/org/apiguardian/apiguardian-api/1.1.0/apiguardian-api-1.1.0.jar:/home/sonarqube/.m2/repository/org/assertj/assertj-core/3.19.0/assertj-core-3.19.0.jar:"/>
    <property name="java.vm.vendor" value="Red Hat, Inc."/>
    <property name="sun.arch.data.model" value="64"/>
    <property name="java.vendor.url" value="https://www.redhat.com/"/>
    <property name="user.timezone" value=""/>
    <property name="java.vm.specification.version" value="11"/>
    <property name="os.name" value="Linux"/>
    <property name="sun.java.launcher" value="SUN_STANDARD"/>
    <property name="user.country" value="US"/>
    <property name="sun.boot.library.path" value="/usr/lib/jvm/java-11-openjdk-11.0.14.1.1-4.fc34.x86_64/lib"/>
    <property name="sun.java.command" value="/home/sonarqube/Desktop/workspace_2/java-custom-rules-example/target/surefire/surefirebooter17496137268902122344.jar /home/sonarqube/Desktop/workspace_2/java-custom-rules-example/target/surefire 2022-03-17T12-19-13_123-jvmRun1 surefire16471672582136990182tmp surefire_08113228532670163875tmp"/>
    <property name="jdk.debug" value="release"/>
    <property name="surefire.test.class.path" value="/home/sonarqube/Desktop/workspace_2/java-custom-rules-example/target/test-classes:/home/sonarqube/Desktop/workspace_2/java-custom-rules-example/target/classes:/home/sonarqube/.m2/repository/org/sonarsource/sonarqube/sonar-plugin-api/8.9.0.43852/sonar-plugin-api-8.9.0.43852.jar:/home/sonarqube/.m2/repository/org/sonarsource/java/sonar-java-plugin/6.15.1.26025/sonar-java-plugin-6.15.1.26025.jar:/home/sonarqube/.m2/repository/org/sonarsource/java/java-surefire/6.15.1.26025/java-surefire-6.15.1.26025.jar:/home/sonarqube/.m2/repository/com/fasterxml/staxmate/staxmate/2.4.0/staxmate-2.4.0.jar:/home/sonarqube/.m2/repository/org/codehaus/woodstox/stax2-api/4.2.1/stax2-api-4.2.1.jar:/home/sonarqube/.m2/repository/org/sonarsource/java/java-frontend/6.15.1.26025/java-frontend-6.15.1.26025.jar:/home/sonarqube/.m2/repository/org/sonarsource/java/jdt/6.15.1.26025/jdt-6.15.1.26025-shaded.jar:/home/sonarqube/.m2/repository/org/eclipse/jdt/org.eclipse.jdt.core/3.25.0/org.eclipse.jdt.core-3.25.0.jar:/home/sonarqube/.m2/repository/org/eclipse/platform/org.eclipse.core.resources/3.16.100/org.eclipse.core.resources-3.16.100.jar:/home/sonarqube/.m2/repository/org/eclipse/platform/org.eclipse.core.runtime/3.24.100/org.eclipse.core.runtime-3.24.100.jar:/home/sonarqube/.m2/repository/org/eclipse/platform/org.eclipse.osgi/3.17.200/org.eclipse.osgi-3.17.200.jar:/home/sonarqube/.m2/repository/org/eclipse/platform/org.eclipse.equinox.common/3.16.0/org.eclipse.equinox.common-3.16.0.jar:/home/sonarqube/.m2/repository/org/eclipse/platform/org.eclipse.core.jobs/3.12.100/org.eclipse.core.jobs-3.12.100.jar:/home/sonarqube/.m2/repository/org/eclipse/platform/org.eclipse.equinox.preferences/3.9.100/org.eclipse.equinox.preferences-3.9.100.jar:/home/sonarqube/.m2/repository/org/eclipse/platform/org.eclipse.core.contenttype/3.8.100/org.eclipse.core.contenttype-3.8.100.jar:/home/sonarqube/.m2/repository/org/eclipse/platform/org.eclipse.text/3.12.0/org.eclipse.text-3.12.0.jar:/home/sonarqube/.m2/repository/org/eclipse/platform/org.eclipse.core.commands/3.10.100/org.eclipse.core.commands-3.10.100.jar:/home/sonarqube/.m2/repository/org/sonarsource/sslr/sslr-core/1.24.0.633/sslr-core-1.24.0.633.jar:/home/sonarqube/.m2/repository/org/apache/commons/commons-lang3/3.12.0/commons-lang3-3.12.0.jar:/home/sonarqube/.m2/repository/org/sonarsource/analyzer-commons/sonar-regex-parsing/1.14.1.690/sonar-regex-parsing-1.14.1.690.jar:/home/sonarqube/.m2/repository/org/sonarsource/java/java-symbolic-execution/6.15.1.26025/java-symbolic-execution-6.15.1.26025.jar:/home/sonarqube/.m2/repository/org/sonarsource/java/java-checks/6.15.1.26025/java-checks-6.15.1.26025.jar:/home/sonarqube/.m2/repository/org/sonarsource/analyzer-commons/sonar-analyzer-recognizers/1.14.1.690/sonar-analyzer-recognizers-1.14.1.690.jar:/home/sonarqube/.m2/repository/commons-lang/commons-lang/2.6/commons-lang-2.6.jar:/home/sonarqube/.m2/repository/org/sonarsource/java/external-reports/6.15.1.26025/external-reports-6.15.1.26025.jar:/home/sonarqube/.m2/repository/org/sonarsource/java/java-jsp/6.15.1.26025/java-jsp-6.15.1.26025.jar:/home/sonarqube/.m2/repository/org/apache/tomcat/embed/tomcat-embed-jasper/9.0.33/tomcat-embed-jasper-9.0.33.jar:/home/sonarqube/.m2/repository/org/apache/tomcat/embed/tomcat-embed-core/9.0.33/tomcat-embed-core-9.0.33.jar:/home/sonarqube/.m2/repository/org/apache/tomcat/tomcat-annotations-api/9.0.33/tomcat-annotations-api-9.0.33.jar:/home/sonarqube/.m2/repository/org/apache/tomcat/embed/tomcat-embed-el/9.0.33/tomcat-embed-el-9.0.33.jar:/home/sonarqube/.m2/repository/org/sonarsource/analyzer-commons/sonar-xml-parsing/1.14.1.690/sonar-xml-parsing-1.14.1.690.jar:/home/sonarqube/.m2/repository/xerces/xercesImpl/2.12.0/xercesImpl-2.12.0.jar:/home/sonarqube/.m2/repository/xml-apis/xml-apis/1.4.01/xml-apis-1.4.01.jar:/home/sonarqube/.m2/repository/com/fasterxml/woodstox/woodstox-core/5.2.0/woodstox-core-5.2.0.jar:/home/sonarqube/.m2/repository/org/sonarsource/analyzer-commons/sonar-analyzer-commons/1.14.1.690/sonar-analyzer-commons-1.14.1.690.jar:/home/sonarqube/.m2/repository/org/sonarsource/java/java-checks-testkit/6.15.1.26025/java-checks-testkit-6.15.1.26025.jar:/home/sonarqube/.m2/repository/com/google/code/gson/gson/2.8.6/gson-2.8.6.jar:/home/sonarqube/.m2/repository/com/google/code/findbugs/jsr305/3.0.2/jsr305-3.0.2.jar:/home/sonarqube/.m2/repository/org/junit/jupiter/junit-jupiter/5.7.0/junit-jupiter-5.7.0.jar:/home/sonarqube/.m2/repository/org/junit/jupiter/junit-jupiter-api/5.7.0/junit-jupiter-api-5.7.0.jar:/home/sonarqube/.m2/repository/org/opentest4j/opentest4j/1.2.0/opentest4j-1.2.0.jar:/home/sonarqube/.m2/repository/org/junit/platform/junit-platform-commons/1.7.0/junit-platform-commons-1.7.0.jar:/home/sonarqube/.m2/repository/org/junit/jupiter/junit-jupiter-params/5.7.0/junit-jupiter-params-5.7.0.jar:/home/sonarqube/.m2/repository/org/junit/jupiter/junit-jupiter-engine/5.7.0/junit-jupiter-engine-5.7.0.jar:/home/sonarqube/.m2/repository/org/junit/platform/junit-platform-engine/1.7.0/junit-platform-engine-1.7.0.jar:/home/sonarqube/.m2/repository/org/junit/jupiter/junit-jupiter-migrationsupport/5.7.0/junit-jupiter-migrationsupport-5.7.0.jar:/home/sonarqube/.m2/repository/junit/junit/4.13/junit-4.13.jar:/home/sonarqube/.m2/repository/org/hamcrest/hamcrest-core/1.3/hamcrest-core-1.3.jar:/home/sonarqube/.m2/repository/org/apiguardian/apiguardian-api/1.1.0/apiguardian-api-1.1.0.jar:/home/sonarqube/.m2/repository/org/assertj/assertj-core/3.19.0/assertj-core-3.19.0.jar:"/>
    <property name="sun.cpu.endian" value="little"/>
    <property name="user.home" value="/home/sonarqube"/>
    <property name="user.language" value="en"/>
    <property name="java.specification.vendor" value="Oracle Corporation"/>
    <property name="java.version.date" value="2022-02-08"/>
    <property name="java.home" value="/usr/lib/jvm/java-11-openjdk-11.0.14.1.1-4.fc34.x86_64"/>
    <property name="file.separator" value="/"/>
    <property name="basedir" value="/home/sonarqube/Desktop/workspace_2/java-custom-rules-example"/>
    <property name="java.vm.compressedOopsMode" value="32-bit"/>
    <property name="line.separator" value="&#10;"/>
    <property name="java.specification.name" value="Java Platform API Specification"/>
    <property name="java.vm.specification.vendor" value="Oracle Corporation"/>
    <property name="java.awt.graphicsenv" value="sun.awt.X11GraphicsEnvironment"/>
    <property name="surefire.real.class.path" value="/home/sonarqube/Desktop/workspace_2/java-custom-rules-example/target/surefire/surefirebooter17496137268902122344.jar"/>
    <property name="sun.management.compiler" value="HotSpot 64-Bit Tiered Compilers"/>
    <property name="java.runtime.version" value="11.0.14.1+1"/>
    <property name="user.name" value="sonarqube"/>
    <property name="path.separator" value=":"/>
    <property name="os.version" value="5.14.17-201.fc34.x86_64"/>
    <property name="java.runtime.name" value="OpenJDK Runtime Environment"/>
    <property name="file.encoding" value="UTF-8"/>
    <property name="java.vm.name" value="OpenJDK 64-Bit Server VM"/>
    <property name="java.vendor.version" value="18.9"/>
    <property name="localRepository" value="/home/sonarqube/.m2/repository"/>
    <property name="java.vendor.url.bug" value="https://bugzilla.redhat.com/enter_bug.cgi?product=Fedora&amp;component=java-11-openjdk&amp;version=34"/>
    <property name="java.io.tmpdir" value="/tmp"/>
    <property name="java.version" value="11.0.14.1"/>
    <property name="user.dir" value="/home/sonarqube/Desktop/workspace_2/java-custom-rules-example"/>
    <property name="os.arch" value="amd64"/>
    <property name="java.vm.specification.name" value="Java Virtual Machine Specification"/>
    <property name="java.awt.printerjob" value="sun.print.PSPrinterJob"/>
    <property name="sun.os.patch.level" value="unknown"/>
    <property name="java.library.path" value="/usr/java/packages/lib:/usr/lib64:/lib64:/lib:/usr/lib"/>
    <property name="java.vm.info" value="mixed mode, sharing"/>
    <property name="java.vendor" value="Red Hat, Inc."/>
    <property name="java.vm.version" value="11.0.14.1+1"/>
    <property name="sun.io.unicode.encoding" value="UnicodeLittle"/>
    <property name="java.class.version" value="55.0"/>
  </properties>
  <testcase name="verify" classname="org.sonar.samples.java.checks.NoServletsRuleTest" time="3.497">
    <system-out><![CDATA[INFO  1 source file to be analyzed
HttpServlet
javax.servlet.http.HttpServlet
ZAS
INFO  1/1 source file has been analyzed
WARN  Unresolved imports/types have been detected during analysis. Enable DEBUG mode to see them.
]]></system-out>
    <system-err><![CDATA[java.lang.AssertionError: Unexpected at [9]
	at org.sonar.java.checks.verifier.InternalCheckVerifier.assertMultipleIssues(InternalCheckVerifier.java:306)
	at org.sonar.java.checks.verifier.InternalCheckVerifier.checkIssues(InternalCheckVerifier.java:230)
	at org.sonar.java.checks.verifier.InternalCheckVerifier.verifyAll(InternalCheckVerifier.java:221)
	at org.sonar.java.checks.verifier.InternalCheckVerifier.verifyIssues(InternalCheckVerifier.java:166)
	at org.sonar.samples.java.checks.NoServletsRuleTest.verify(NoServletsRuleTest.java:23)
	at java.base/jdk.internal.reflect.NativeMethodAccessorImpl.invoke0(Native Method)
	at java.base/jdk.internal.reflect.NativeMethodAccessorImpl.invoke(NativeMethodAccessorImpl.java:62)
	at java.base/jdk.internal.reflect.DelegatingMethodAccessorImpl.invoke(DelegatingMethodAccessorImpl.java:43)
	at java.base/java.lang.reflect.Method.invoke(Method.java:566)
	at org.junit.platform.commons.util.ReflectionUtils.invokeMethod(ReflectionUtils.java:688)
	at org.junit.jupiter.engine.execution.MethodInvocation.proceed(MethodInvocation.java:60)
	at org.junit.jupiter.engine.execution.InvocationInterceptorChain$ValidatingInvocation.proceed(InvocationInterceptorChain.java:131)
	at org.junit.jupiter.engine.extension.TimeoutExtension.intercept(TimeoutExtension.java:149)
	at org.junit.jupiter.engine.extension.TimeoutExtension.interceptTestableMethod(TimeoutExtension.java:140)
	at org.junit.jupiter.engine.extension.TimeoutExtension.interceptTestMethod(TimeoutExtension.java:84)
	at org.junit.jupiter.engine.execution.ExecutableInvoker$ReflectiveInterceptorCall.lambda$ofVoidMethod$0(ExecutableInvoker.java:115)
	at org.junit.jupiter.engine.execution.ExecutableInvoker.lambda$invoke$0(ExecutableInvoker.java:105)
	at org.junit.jupiter.engine.execution.InvocationInterceptorChain$InterceptedInvocation.proceed(InvocationInterceptorChain.java:106)
	at org.junit.jupiter.engine.execution.InvocationInterceptorChain.proceed(InvocationInterceptorChain.java:64)
	at org.junit.jupiter.engine.execution.InvocationInterceptorChain.chainAndInvoke(InvocationInterceptorChain.java:45)
	at org.junit.jupiter.engine.execution.InvocationInterceptorChain.invoke(InvocationInterceptorChain.java:37)
	at org.junit.jupiter.engine.execution.ExecutableInvoker.invoke(ExecutableInvoker.java:104)
	at org.junit.jupiter.engine.execution.ExecutableInvoker.invoke(ExecutableInvoker.java:98)
	at org.junit.jupiter.engine.descriptor.TestMethodTestDescriptor.lambda$invokeTestMethod$6(TestMethodTestDescriptor.java:210)
	at org.junit.platform.engine.support.hierarchical.ThrowableCollector.execute(ThrowableCollector.java:73)
	at org.junit.jupiter.engine.descriptor.TestMethodTestDescriptor.invokeTestMethod(TestMethodTestDescriptor.java:206)
	at org.junit.jupiter.engine.descriptor.TestMethodTestDescriptor.execute(TestMethodTestDescriptor.java:131)
	at org.junit.jupiter.engine.descriptor.TestMethodTestDescriptor.execute(TestMethodTestDescriptor.java:65)
	at org.junit.platform.engine.support.hierarchical.NodeTestTask.lambda$executeRecursively$5(NodeTestTask.java:139)
	at org.junit.platform.engine.support.hierarchical.ThrowableCollector.execute(ThrowableCollector.java:73)
	at org.junit.platform.engine.support.hierarchical.NodeTestTask.lambda$executeRecursively$7(NodeTestTask.java:129)
	at org.junit.platform.engine.support.hierarchical.Node.around(Node.java:137)
	at org.junit.platform.engine.support.hierarchical.NodeTestTask.lambda$executeRecursively$8(NodeTestTask.java:127)
	at org.junit.platform.engine.support.hierarchical.ThrowableCollector.execute(ThrowableCollector.java:73)
	at org.junit.platform.engine.support.hierarchical.NodeTestTask.executeRecursively(NodeTestTask.java:126)
	at org.junit.platform.engine.support.hierarchical.NodeTestTask.execute(NodeTestTask.java:84)
	at java.base/java.util.ArrayList.forEach(ArrayList.java:1541)
	at org.junit.platform.engine.support.hierarchical.SameThreadHierarchicalTestExecutorService.invokeAll(SameThreadHierarchicalTestExecutorService.java:38)
	at org.junit.platform.engine.support.hierarchical.NodeTestTask.lambda$executeRecursively$5(NodeTestTask.java:143)
	at org.junit.platform.engine.support.hierarchical.ThrowableCollector.execute(ThrowableCollector.java:73)
	at org.junit.platform.engine.support.hierarchical.NodeTestTask.lambda$executeRecursively$7(NodeTestTask.java:129)
	at org.junit.platform.engine.support.hierarchical.Node.around(Node.java:137)
	at org.junit.platform.engine.support.hierarchical.NodeTestTask.lambda$executeRecursively$8(NodeTestTask.java:127)
	at org.junit.platform.engine.support.hierarchical.ThrowableCollector.execute(ThrowableCollector.java:73)
	at org.junit.platform.engine.support.hierarchical.NodeTestTask.executeRecursively(NodeTestTask.java:126)
	at org.junit.platform.engine.support.hierarchical.NodeTestTask.execute(NodeTestTask.java:84)
	at java.base/java.util.ArrayList.forEach(ArrayList.java:1541)
	at org.junit.platform.engine.support.hierarchical.SameThreadHierarchicalTestExecutorService.invokeAll(SameThreadHierarchicalTestExecutorService.java:38)
	at org.junit.platform.engine.support.hierarchical.NodeTestTask.lambda$executeRecursively$5(NodeTestTask.java:143)
	at org.junit.platform.engine.support.hierarchical.ThrowableCollector.execute(ThrowableCollector.java:73)
	at org.junit.platform.engine.support.hierarchical.NodeTestTask.lambda$executeRecursively$7(NodeTestTask.java:129)
	at org.junit.platform.engine.support.hierarchical.Node.around(Node.java:137)
	at org.junit.platform.engine.support.hierarchical.NodeTestTask.lambda$executeRecursively$8(NodeTestTask.java:127)
	at org.junit.platform.engine.support.hierarchical.ThrowableCollector.execute(ThrowableCollector.java:73)
	at org.junit.platform.engine.support.hierarchical.NodeTestTask.executeRecursively(NodeTestTask.java:126)
	at org.junit.platform.engine.support.hierarchical.NodeTestTask.execute(NodeTestTask.java:84)
	at org.junit.platform.engine.support.hierarchical.SameThreadHierarchicalTestExecutorService.submit(SameThreadHierarchicalTestExecutorService.java:32)
	at org.junit.platform.engine.support.hierarchical.HierarchicalTestExecutor.execute(HierarchicalTestExecutor.java:57)
	at org.junit.platform.engine.support.hierarchical.HierarchicalTestEngine.execute(HierarchicalTestEngine.java:51)
	at org.junit.platform.launcher.core.EngineExecutionOrchestrator.execute(EngineExecutionOrchestrator.java:108)
	at org.junit.platform.launcher.core.EngineExecutionOrchestrator.execute(EngineExecutionOrchestrator.java:88)
	at org.junit.platform.launcher.core.EngineExecutionOrchestrator.lambda$execute$0(EngineExecutionOrchestrator.java:54)
	at org.junit.platform.launcher.core.EngineExecutionOrchestrator.withInterceptedStreams(EngineExecutionOrchestrator.java:67)
	at org.junit.platform.launcher.core.EngineExecutionOrchestrator.execute(EngineExecutionOrchestrator.java:52)
	at org.junit.platform.launcher.core.DefaultLauncher.execute(DefaultLauncher.java:96)
	at org.junit.platform.launcher.core.DefaultLauncher.execute(DefaultLauncher.java:75)
	at org.apache.maven.surefire.junitplatform.JUnitPlatformProvider.execute(JUnitPlatformProvider.java:188)
	at org.apache.maven.surefire.junitplatform.JUnitPlatformProvider.invokeAllTests(JUnitPlatformProvider.java:154)
	at org.apache.maven.surefire.junitplatform.JUnitPlatformProvider.invoke(JUnitPlatformProvider.java:128)
	at org.apache.maven.surefire.booter.ForkedBooter.runSuitesInProcess(ForkedBooter.java:428)
	at org.apache.maven.surefire.booter.ForkedBooter.execute(ForkedBooter.java:162)
	at org.apache.maven.surefire.booter.ForkedBooter.run(ForkedBooter.java:562)
	at org.apache.maven.surefire.booter.ForkedBooter.main(ForkedBooter.java:548)
]]></system-err>
  </testcase>
</testsuite>